Scaler parameters calculated on training data and saved to C:\Users\Anton\SRC\my\ml_lstm\data\processed\scaler_params_60min.json
Starting model training for 60min with TSTEPS=5...
Epoch 1/20
147/147 - 2s - 15ms/step - loss: 0.0153 - mae: 0.0688 - val_loss: 0.0015 - val_mae: 0.0343
Epoch 2/20
147/147 - 1s - 5ms/step - loss: 0.0017 - mae: 0.0263 - val_loss: 1.1537e-04 - val_mae: 0.0082
Epoch 3/20
147/147 - 1s - 4ms/step - loss: 4.5959e-04 - mae: 0.0137 - val_loss: 1.6363e-04 - val_mae: 0.0107
Epoch 4/20
147/147 - 1s - 5ms/step - loss: 1.4403e-04 - mae: 0.0081 - val_loss: 5.9887e-05 - val_mae: 0.0053
Epoch 5/20
147/147 - 1s - 4ms/step - loss: 7.5106e-05 - mae: 0.0058 - val_loss: 5.7654e-05 - val_mae: 0.0049
Epoch 6/20
147/147 - 1s - 5ms/step - loss: 5.3624e-05 - mae: 0.0048 - val_loss: 5.5882e-05 - val_mae: 0.0047
Epoch 7/20
147/147 - 1s - 4ms/step - loss: 4.9094e-05 - mae: 0.0045 - val_loss: 6.4229e-05 - val_mae: 0.0055
Epoch 8/20
147/147 - 1s - 6ms/step - loss: 4.7993e-05 - mae: 0.0044 - val_loss: 6.1312e-05 - val_mae: 0.0053
Epoch 9/20
147/147 - 1s - 4ms/step - loss: 4.7074e-05 - mae: 0.0044 - val_loss: 6.1629e-05 - val_mae: 0.0054
Epoch 10/20
147/147 - 1s - 5ms/step - loss: 4.6926e-05 - mae: 0.0044 - val_loss: 6.1208e-05 - val_mae: 0.0054
Epoch 11/20
147/147 - 1s - 5ms/step - loss: 4.6661e-05 - mae: 0.0044 - val_loss: 6.0775e-05 - val_mae: 0.0053
Model training finished for 60min with TSTEPS=5.
Calculating bias correction from validation set...

[1m 1/63[0m [37m====================[0m [1m8s[0m 136ms/step
[1m18/63[0m [32m=====[0m[37m===============[0m [1m0s[0m 3ms/step  
[1m36/63[0m [32m===========[0m[37m=========[0m [1m0s[0m 3ms/step
[1m61/63[0m [32m===================[0m[37m=[0m [1m0s[0m 3ms/step
[1m63/63[0m [32m====================[0m[37m[0m [1m0s[0m 3ms/step
Mean residual on validation set (log returns): 0.001089
Bias correction (mean residual) saved to C:\Users\Anton\SRC\my\ml_lstm\models\registry\bias_correction_60min_tsteps5_20251213_183053.json
