
============================================================
Downloading NVDA | 2022-01-01 -> 2026-04-17 | mode=1h+1d
============================================================
  [NVDA 1d] 2022-01-01 -> 2024-04-18 | 575 rows (daily, expanded to 09:30)
  [NVDA 1h] 2024-04-18 -> 2026-04-17 | 3476 rows
  Downloaded 4051 rows | 2022-01-03 09:30:00 -> 2026-04-16 15:30:00
  Saved 4051 rows -> data\raw\nvda_minute.csv

============================================================
Downloading JPM | 2022-01-01 -> 2026-04-17 | mode=1h+1d
============================================================
  [JPM 1d] 2022-01-01 -> 2024-04-18 | 575 rows (daily, expanded to 09:30)
  [JPM 1h] 2024-04-18 -> 2026-04-17 | 3476 rows
  Downloaded 4051 rows | 2022-01-03 09:30:00 -> 2026-04-16 15:30:00
  Saved 4051 rows -> data\raw\jpm_minute.csv

============================================================
Downloading GS | 2022-01-01 -> 2026-04-17 | mode=1h+1d
============================================================
  [GS 1d] 2022-01-01 -> 2024-04-18 | 575 rows (daily, expanded to 09:30)
  [GS 1h] 2024-04-18 -> 2026-04-17 | 3476 rows
  Downloaded 4051 rows | 2022-01-03 09:30:00 -> 2026-04-16 15:30:00
  Saved 4051 rows -> data\raw\gs_minute.csv

============================================================
Downloading BAC | 2022-01-01 -> 2026-04-17 | mode=1h+1d
============================================================
  [BAC 1d] 2022-01-01 -> 2024-04-18 | 575 rows (daily, expanded to 09:30)
  [BAC 1h] 2024-04-18 -> 2026-04-17 | 3476 rows
  Downloaded 4051 rows | 2022-01-03 09:30:00 -> 2026-04-16 15:30:00
  Saved 4051 rows -> data\raw\bac_minute.csv

============================================================
Downloading UNH | 2022-01-01 -> 2026-04-17 | mode=1h+1d
============================================================
  [UNH 1d] 2022-01-01 -> 2024-04-18 | 575 rows (daily, expanded to 09:30)
  [UNH 1h] 2024-04-18 -> 2026-04-17 | 3476 rows
  Downloaded 4051 rows | 2022-01-03 09:30:00 -> 2026-04-16 15:30:00
  Saved 4051 rows -> data\raw\unh_minute.csv

============================================================
Downloading JNJ | 2022-01-01 -> 2026-04-17 | mode=1h+1d
============================================================
  [JNJ 1d] 2022-01-01 -> 2024-04-18 | 575 rows (daily, expanded to 09:30)
  [JNJ 1h] 2024-04-18 -> 2026-04-17 | 3476 rows
  Downloaded 4051 rows | 2022-01-03 09:30:00 -> 2026-04-16 15:30:00
  Saved 4051 rows -> data\raw\jnj_minute.csv

Download complete. Run daily_data_agent.py to process features.
